{"C:\\Users\\moises.neto\\Documents\\MeusProjetos\\Recapitulando\\react-unit-testing\\src\\App.tsx": {"path":"C:\\Users\\moises.neto\\Documents\\MeusProjetos\\Recapitulando\\react-unit-testing\\src\\App.tsx","all":false,"statementMap":{"0":{"start":{"line":1,"column":0},"end":{"line":1,"column":33}},"1":{"start":{"line":2,"column":0},"end":{"line":2,"column":0}},"2":{"start":{"line":3,"column":0},"end":{"line":3,"column":16}},"3":{"start":{"line":4,"column":0},"end":{"line":4,"column":45}},"4":{"start":{"line":5,"column":0},"end":{"line":5,"column":94}},"5":{"start":{"line":6,"column":0},"end":{"line":6,"column":0}},"6":{"start":{"line":7,"column":0},"end":{"line":7,"column":23}},"7":{"start":{"line":8,"column":0},"end":{"line":8,"column":22}},"8":{"start":{"line":9,"column":0},"end":{"line":9,"column":43}},"9":{"start":{"line":10,"column":0},"end":{"line":10,"column":11}},"10":{"start":{"line":11,"column":0},"end":{"line":11,"column":3}},"11":{"start":{"line":12,"column":0},"end":{"line":12,"column":0}},"12":{"start":{"line":13,"column":0},"end":{"line":13,"column":10}},"13":{"start":{"line":14,"column":0},"end":{"line":14,"column":6}},"14":{"start":{"line":15,"column":0},"end":{"line":15,"column":13}},"15":{"start":{"line":16,"column":0},"end":{"line":16,"column":20}},"16":{"start":{"line":17,"column":0},"end":{"line":17,"column":24}},"17":{"start":{"line":18,"column":0},"end":{"line":18,"column":51}},"18":{"start":{"line":19,"column":0},"end":{"line":19,"column":31}},"19":{"start":{"line":20,"column":0},"end":{"line":20,"column":8}},"20":{"start":{"line":21,"column":0},"end":{"line":21,"column":0}},"21":{"start":{"line":22,"column":0},"end":{"line":22,"column":52}},"22":{"start":{"line":23,"column":0},"end":{"line":23,"column":6}},"23":{"start":{"line":24,"column":0},"end":{"line":24,"column":10}},"24":{"start":{"line":25,"column":0},"end":{"line":25,"column":54}},"25":{"start":{"line":26,"column":0},"end":{"line":26,"column":11}},"26":{"start":{"line":27,"column":0},"end":{"line":27,"column":7}},"27":{"start":{"line":28,"column":0},"end":{"line":28,"column":3}},"28":{"start":{"line":29,"column":0},"end":{"line":29,"column":1}},"29":{"start":{"line":30,"column":0},"end":{"line":30,"column":0}},"30":{"start":{"line":31,"column":0},"end":{"line":31,"column":18}}},"s":{"0":1,"1":1,"2":7,"3":7,"4":7,"5":7,"6":7,"7":1,"8":1,"9":1,"10":1,"11":7,"12":7,"13":7,"14":7,"15":7,"16":7,"17":7,"18":7,"19":7,"20":7,"21":7,"22":7,"23":7,"24":7,"25":7,"26":7,"27":7,"28":7,"29":1,"30":1},"branchMap":{"0":{"type":"branch","line":31,"loc":{"start":{"line":31,"column":0},"end":{"line":31,"column":15}},"locations":[{"start":{"line":31,"column":0},"end":{"line":31,"column":15}}]},"1":{"type":"branch","line":3,"loc":{"start":{"line":3,"column":0},"end":{"line":29,"column":1}},"locations":[{"start":{"line":3,"column":0},"end":{"line":29,"column":1}}]},"2":{"type":"branch","line":7,"loc":{"start":{"line":7,"column":2},"end":{"line":11,"column":3}},"locations":[{"start":{"line":7,"column":2},"end":{"line":11,"column":3}}]},"3":{"type":"branch","line":8,"loc":{"start":{"line":8,"column":15},"end":{"line":10,"column":7}},"locations":[{"start":{"line":8,"column":15},"end":{"line":10,"column":7}}]},"4":{"type":"branch","line":9,"loc":{"start":{"line":9,"column":14},"end":{"line":9,"column":43}},"locations":[{"start":{"line":9,"column":14},"end":{"line":9,"column":43}}]},"5":{"type":"branch","line":18,"loc":{"start":{"line":18,"column":18},"end":{"line":18,"column":49}},"locations":[{"start":{"line":18,"column":18},"end":{"line":18,"column":49}}]},"6":{"type":"branch","line":25,"loc":{"start":{"line":25,"column":18},"end":{"line":25,"column":42}},"locations":[{"start":{"line":25,"column":18},"end":{"line":25,"column":42}}]}},"b":{"0":[2],"1":[7],"2":[1],"3":[1],"4":[1],"5":[4],"6":[43]},"fnMap":{"0":{"name":"get","decl":{"start":{"line":31,"column":0},"end":{"line":31,"column":15}},"loc":{"start":{"line":31,"column":0},"end":{"line":31,"column":15}},"line":31},"1":{"name":"App","decl":{"start":{"line":3,"column":0},"end":{"line":29,"column":1}},"loc":{"start":{"line":3,"column":0},"end":{"line":29,"column":1}},"line":3},"2":{"name":"addToList","decl":{"start":{"line":7,"column":2},"end":{"line":11,"column":3}},"loc":{"start":{"line":7,"column":2},"end":{"line":11,"column":3}},"line":7},"3":{"name":"onChange","decl":{"start":{"line":18,"column":18},"end":{"line":18,"column":49}},"loc":{"start":{"line":18,"column":18},"end":{"line":18,"column":49}},"line":18}},"f":{"0":2,"1":7,"2":1,"3":4}}
}
