TN:
SF:src\App.tsx
FN:31,get
FN:3,App
FN:7,addToList
FN:18,onChange
FNF:4
FNH:4
FNDA:2,get
FNDA:7,App
FNDA:1,addToList
FNDA:4,onChange
DA:1,1
DA:2,1
DA:3,7
DA:4,7
DA:5,7
DA:6,7
DA:7,7
DA:8,1
DA:9,1
DA:10,1
DA:11,1
DA:12,7
DA:13,7
DA:14,7
DA:15,7
DA:16,7
DA:17,7
DA:18,7
DA:19,7
DA:20,7
DA:21,7
DA:22,7
DA:23,7
DA:24,7
DA:25,7
DA:26,7
DA:27,7
DA:28,7
DA:29,7
DA:30,1
DA:31,1
LF:31
LH:31
BRDA:31,0,0,2
BRDA:3,1,0,7
BRDA:7,2,0,1
BRDA:8,3,0,1
BRDA:9,4,0,1
BRDA:18,5,0,4
BRDA:25,6,0,43
BRF:7
BRH:7
end_of_record
